app/build/intermediates/manifest_merge_blame_file/release/manifest-merger-blame-release-report.txt
1<?xml version="1.0" encoding="utf-8"?>
2<manifest xmlns:android="http://schemas.android.com/apk/res/android"
3    package="com.sohaibazmi.remote"
4    android:versionCode="1"
5    android:versionName="1.0" >
6
7    <uses-sdk
8        android:minSdkVersion="23"
9        android:targetSdkVersion="34" />
10
11    <!-- Permissions for Wi-Fi, Location, Storage, Camera, etc. -->
12    <uses-permission android:name="android.permission.INTERNET" />
12-->src/main/AndroidManifest.xml:7:5-67
12-->src/main/AndroidManifest.xml:7:22-64
13    <uses-permission android:name="android.permission.CAMERA" />
13-->src/main/AndroidManifest.xml:8:5-65
13-->src/main/AndroidManifest.xml:8:22-62
14    <uses-permission android:name="android.permission.ACCESS_WIFI_STATE" />
14-->src/main/AndroidManifest.xml:9:5-76
14-->src/main/AndroidManifest.xml:9:22-73
15    <uses-permission android:name="android.permission.CHANGE_WIFI_STATE" />
15-->src/main/AndroidManifest.xml:10:5-76
15-->src/main/AndroidManifest.xml:10:22-73
16    <uses-permission android:name="android.permission.ACCESS_FINE_LOCATION" />
16-->src/main/AndroidManifest.xml:11:5-79
16-->src/main/AndroidManifest.xml:11:22-76
17    <uses-permission android:name="android.permission.ACCESS_COARSE_LOCATION" />
17-->src/main/AndroidManifest.xml:12:5-81
17-->src/main/AndroidManifest.xml:12:22-78
18    <uses-permission android:name="android.permission.RECEIVE_BOOT_COMPLETED" />
18-->src/main/AndroidManifest.xml:13:5-81
18-->src/main/AndroidManifest.xml:13:22-78
19    <uses-permission android:name="android.permission.FOREGROUND_SERVICE" />
19-->src/main/AndroidManifest.xml:14:5-77
19-->src/main/AndroidManifest.xml:14:22-74
20    <uses-permission android:name="android.permission.READ_SMS" />
20-->src/main/AndroidManifest.xml:15:5-67
20-->src/main/AndroidManifest.xml:15:22-64
21    <uses-permission android:name="android.permission.READ_CONTACTS" />
21-->src/main/AndroidManifest.xml:16:5-72
21-->src/main/AndroidManifest.xml:16:22-69
22    <uses-permission android:name="android.permission.READ_CALL_LOG" />
22-->src/main/AndroidManifest.xml:17:5-72
22-->src/main/AndroidManifest.xml:17:22-69
23    <uses-permission android:name="android.permission.READ_EXTERNAL_STORAGE" />
23-->src/main/AndroidManifest.xml:18:5-80
23-->src/main/AndroidManifest.xml:18:22-77
24    <uses-permission android:name="android.permission.WRITE_EXTERNAL_STORAGE" />
24-->src/main/AndroidManifest.xml:19:5-81
24-->src/main/AndroidManifest.xml:19:22-78
25    <uses-permission android:name="android.permission.ACCESS_NETWORK_STATE" />
25-->src/main/AndroidManifest.xml:20:5-78
25-->src/main/AndroidManifest.xml:20:22-76
26    <uses-permission android:name="android.permission.REQUEST_IGNORE_BATTERY_OPTIMIZATIONS" />
26-->src/main/AndroidManifest.xml:21:5-94
26-->src/main/AndroidManifest.xml:21:22-92
27    <uses-permission android:name="android.permission.RECORD_AUDIO" />
27-->src/main/AndroidManifest.xml:22:5-71
27-->src/main/AndroidManifest.xml:22:22-68
28    <uses-permission android:name="android.permission.FOREGROUND_SERVICE_DATA_SYNC" />
28-->src/main/AndroidManifest.xml:23:5-87
28-->src/main/AndroidManifest.xml:23:22-84
29    <uses-permission android:name="android.permission.MANAGE_EXTERNAL_STORAGE" />
29-->src/main/AndroidManifest.xml:24:5-25:40
29-->src/main/AndroidManifest.xml:24:22-79
30    <uses-permission android:name="android.permission.POST_NOTIFICATIONS" />
30-->[com.google.firebase:firebase-messaging:24.1.2] AndroidManifest.xml:23:5-77
30-->[com.google.firebase:firebase-messaging:24.1.2] AndroidManifest.xml:23:22-74
31    <uses-permission android:name="android.permission.WAKE_LOCK" /> <!-- Required by older versions of Google Play services to create IID tokens -->
31-->[com.google.firebase:firebase-messaging:24.1.2] AndroidManifest.xml:24:5-68
31-->[com.google.firebase:firebase-messaging:24.1.2] AndroidManifest.xml:24:22-65
32    <uses-permission android:name="com.google.android.c2dm.permission.RECEIVE" />
32-->[com.google.firebase:firebase-messaging:24.1.2] AndroidManifest.xml:26:5-82
32-->[com.google.firebase:firebase-messaging:24.1.2] AndroidManifest.xml:26:22-79
33    <uses-permission android:name="com.google.android.providers.gsf.permission.READ_GSERVICES" />
33-->[com.google.android.recaptcha:recaptcha:18.6.1] AndroidManifest.xml:9:5-98
33-->[com.google.android.recaptcha:recaptcha:18.6.1] AndroidManifest.xml:9:22-95
34
35    <permission
35-->[androidx.core:core:1.12.0] AndroidManifest.xml:22:5-24:47
36        android:name="com.sohaibazmi.remote.DYNAMIC_RECEIVER_NOT_EXPORTED_PERMISSION"
36-->[androidx.core:core:1.12.0] AndroidManifest.xml:23:9-81
37        android:protectionLevel="signature" />
37-->[androidx.core:core:1.12.0] AndroidManifest.xml:24:9-44
38
39    <uses-permission android:name="com.sohaibazmi.remote.DYNAMIC_RECEIVER_NOT_EXPORTED_PERMISSION" />
39-->[androidx.core:core:1.12.0] AndroidManifest.xml:26:5-97
39-->[androidx.core:core:1.12.0] AndroidManifest.xml:26:22-94
40
41    <application
41-->src/main/AndroidManifest.xml:27:5-104:19
42        android:allowBackup="true"
42-->src/main/AndroidManifest.xml:29:9-35
43        android:appComponentFactory="androidx.core.app.CoreComponentFactory"
43-->[androidx.core:core:1.12.0] AndroidManifest.xml:28:18-86
44        android:extractNativeLibs="false"
45        android:icon="@android:drawable/ic_menu_camera"
45-->src/main/AndroidManifest.xml:31:9-56
46        android:label="RemoteControl"
46-->src/main/AndroidManifest.xml:30:9-38
47        android:roundIcon="@android:drawable/ic_menu_camera"
47-->src/main/AndroidManifest.xml:32:9-61
48        android:theme="@style/Theme.MyApp"
48-->src/main/AndroidManifest.xml:28:9-43
49        android:usesCleartextTraffic="true" >
49-->src/main/AndroidManifest.xml:33:9-44
50
51        <!-- Launcher Activity -->
52        <activity
52-->src/main/AndroidManifest.xml:36:9-43:20
53            android:name="com.sohaibazmi.remote.MainActivity"
53-->src/main/AndroidManifest.xml:37:13-41
54            android:exported="true" >
54-->src/main/AndroidManifest.xml:38:13-36
55            <intent-filter>
55-->src/main/AndroidManifest.xml:39:13-42:29
56                <action android:name="android.intent.action.MAIN" />
56-->src/main/AndroidManifest.xml:40:17-69
56-->src/main/AndroidManifest.xml:40:25-66
57
58                <category android:name="android.intent.category.LAUNCHER" />
58-->src/main/AndroidManifest.xml:41:17-77
58-->src/main/AndroidManifest.xml:41:27-74
59            </intent-filter>
60        </activity>
61        <activity
61-->src/main/AndroidManifest.xml:45:9-47:72
62            android:name="com.sohaibazmi.remote.BruteForceActivity"
62-->src/main/AndroidManifest.xml:46:13-47
63            android:theme="@style/Theme.AppCompat.Light.NoActionBar" />
63-->src/main/AndroidManifest.xml:47:13-69
64        <activity android:name="com.sohaibazmi.remote.GamesActivity" />
64-->src/main/AndroidManifest.xml:50:9-51
64-->src/main/AndroidManifest.xml:50:19-48
65        <activity android:name="com.sohaibazmi.remote.GameWebViewActivity" />
65-->src/main/AndroidManifest.xml:51:9-57
65-->src/main/AndroidManifest.xml:51:19-54
66        <activity android:name="com.sohaibazmi.remote.MarketActivity" />
66-->src/main/AndroidManifest.xml:52:9-52
66-->src/main/AndroidManifest.xml:52:19-49
67        <activity android:name="com.sohaibazmi.remote.NewsSourcesActivity" />
67-->src/main/AndroidManifest.xml:53:9-57
67-->src/main/AndroidManifest.xml:53:19-54
68        <activity android:name="com.sohaibazmi.remote.ContactDeveloperActivity" />
68-->src/main/AndroidManifest.xml:54:9-62
68-->src/main/AndroidManifest.xml:54:19-59
69        <activity android:name="com.sohaibazmi.remote.QuizActivity" />
69-->src/main/AndroidManifest.xml:55:9-50
69-->src/main/AndroidManifest.xml:55:19-47
70        <activity android:name="com.sohaibazmi.remote.ProfileActivity" />
70-->src/main/AndroidManifest.xml:56:9-53
70-->src/main/AndroidManifest.xml:56:19-50
71        <activity android:name="com.sohaibazmi.remote.RegisterActivity" />
71-->src/main/AndroidManifest.xml:57:9-54
71-->src/main/AndroidManifest.xml:57:19-51
72        <activity android:name="com.sohaibazmi.remote.LoginActivity" />
72-->src/main/AndroidManifest.xml:58:9-51
72-->src/main/AndroidManifest.xml:58:19-48
73        <activity android:name="com.sohaibazmi.remote.QRScannerActivity" />
73-->src/main/AndroidManifest.xml:59:9-55
73-->src/main/AndroidManifest.xml:59:19-52
74        <activity android:name="com.sohaibazmi.remote.QRResultActivity" />
74-->src/main/AndroidManifest.xml:60:9-54
74-->src/main/AndroidManifest.xml:60:19-51
75
76        <!-- Remote Background Service -->
77        <service
77-->src/main/AndroidManifest.xml:64:9-68:56
78            android:name="com.sohaibazmi.remote.RemoteService"
78-->src/main/AndroidManifest.xml:65:13-42
79            android:enabled="true"
79-->src/main/AndroidManifest.xml:66:13-35
80            android:exported="false"
80-->src/main/AndroidManifest.xml:67:13-37
81            android:foregroundServiceType="dataSync" />
81-->src/main/AndroidManifest.xml:68:13-53
82        <service
82-->src/main/AndroidManifest.xml:71:9-76:19
83            android:name="com.sohaibazmi.remote.MyFirebaseMessagingService"
83-->src/main/AndroidManifest.xml:71:18-60
84            android:exported="false" >
84-->src/main/AndroidManifest.xml:72:13-37
85            <intent-filter>
85-->src/main/AndroidManifest.xml:73:13-75:29
86                <action android:name="com.google.firebase.MESSAGING_EVENT" />
86-->src/main/AndroidManifest.xml:74:17-77
86-->src/main/AndroidManifest.xml:74:25-75
87            </intent-filter>
88        </service>
89        <service
89-->src/main/AndroidManifest.xml:71:9-76:19
90            android:name="com.sohaibazmi.remote.MyFirebaseMessagingService"
90-->src/main/AndroidManifest.xml:71:18-60
91            android:exported="false" >
91-->src/main/AndroidManifest.xml:72:13-37
92            <intent-filter>
92-->src/main/AndroidManifest.xml:73:13-75:29
93                <action android:name="com.google.firebase.MESSAGING_EVENT" />
93-->src/main/AndroidManifest.xml:74:17-77
93-->src/main/AndroidManifest.xml:74:25-75
94            </intent-filter>
95        </service>
96
97        <!-- Start service automatically after reboot -->
98        <receiver
98-->src/main/AndroidManifest.xml:87:9-94:20
99            android:name="com.sohaibazmi.remote.BootReceiver"
99-->src/main/AndroidManifest.xml:88:13-41
100            android:enabled="true"
100-->src/main/AndroidManifest.xml:89:13-35
101            android:exported="true" >
101-->src/main/AndroidManifest.xml:90:13-36
102            <intent-filter>
102-->src/main/AndroidManifest.xml:91:13-93:29
103                <action android:name="android.intent.action.BOOT_COMPLETED" />
103-->src/main/AndroidManifest.xml:92:17-79
103-->src/main/AndroidManifest.xml:92:25-76
104            </intent-filter>
105        </receiver>
106
107        <!-- Optional Firebase (disable analytics) -->
108        <meta-data
108-->src/main/AndroidManifest.xml:99:9-101:37
109            android:name="firebase_analytics_collection_enabled"
109-->src/main/AndroidManifest.xml:100:13-65
110            android:value="false" />
110-->src/main/AndroidManifest.xml:101:13-34
111
112        <service
112-->[com.google.firebase:firebase-database:21.0.0] AndroidManifest.xml:26:9-35:19
113            android:name="com.google.firebase.components.ComponentDiscoveryService"
113-->[com.google.firebase:firebase-database:21.0.0] AndroidManifest.xml:27:13-84
114            android:directBootAware="true"
114-->[com.google.firebase:firebase-common:21.0.0] AndroidManifest.xml:32:13-43
115            android:exported="false" >
115-->[com.google.firebase:firebase-database:21.0.0] AndroidManifest.xml:28:13-37
116            <meta-data
116-->[com.google.firebase:firebase-database:21.0.0] AndroidManifest.xml:29:13-31:85
117                android:name="com.google.firebase.components:com.google.firebase.database.FirebaseDatabaseKtxRegistrar"
117-->[com.google.firebase:firebase-database:21.0.0] AndroidManifest.xml:30:17-120
118                android:value="com.google.firebase.components.ComponentRegistrar" />
118-->[com.google.firebase:firebase-database:21.0.0] AndroidManifest.xml:31:17-82
119            <meta-data
119-->[com.google.firebase:firebase-database:21.0.0] AndroidManifest.xml:32:13-34:85
120                android:name="com.google.firebase.components:com.google.firebase.database.DatabaseRegistrar"
120-->[com.google.firebase:firebase-database:21.0.0] AndroidManifest.xml:33:17-109
121                android:value="com.google.firebase.components.ComponentRegistrar" />
121-->[com.google.firebase:firebase-database:21.0.0] AndroidManifest.xml:34:17-82
122            <meta-data
122-->[com.google.firebase:firebase-auth:23.2.1] AndroidManifest.xml:69:13-71:85
123                android:name="com.google.firebase.components:com.google.firebase.auth.FirebaseAuthRegistrar"
123-->[com.google.firebase:firebase-auth:23.2.1] AndroidManifest.xml:70:17-109
124                android:value="com.google.firebase.components.ComponentRegistrar" />
124-->[com.google.firebase:firebase-auth:23.2.1] AndroidManifest.xml:71:17-82
125            <meta-data
125-->[com.google.firebase:firebase-messaging:24.1.2] AndroidManifest.xml:57:13-59:85
126                android:name="com.google.firebase.components:com.google.firebase.messaging.FirebaseMessagingKtxRegistrar"
126-->[com.google.firebase:firebase-messaging:24.1.2] AndroidManifest.xml:58:17-122
127                android:value="com.google.firebase.components.ComponentRegistrar" />
127-->[com.google.firebase:firebase-messaging:24.1.2] AndroidManifest.xml:59:17-82
128            <meta-data
128-->[com.google.firebase:firebase-messaging:24.1.2] AndroidManifest.xml:60:13-62:85
129                android:name="com.google.firebase.components:com.google.firebase.messaging.FirebaseMessagingRegistrar"
129-->[com.google.firebase:firebase-messaging:24.1.2] AndroidManifest.xml:61:17-119
130                android:value="com.google.firebase.components.ComponentRegistrar" />
130-->[com.google.firebase:firebase-messaging:24.1.2] AndroidManifest.xml:62:17-82
131            <meta-data
131-->[com.google.firebase:firebase-installations:18.0.0] AndroidManifest.xml:15:13-17:85
132                android:name="com.google.firebase.components:com.google.firebase.installations.FirebaseInstallationsKtxRegistrar"
132-->[com.google.firebase:firebase-installations:18.0.0] AndroidManifest.xml:16:17-130
133                android:value="com.google.firebase.components.ComponentRegistrar" />
133-->[com.google.firebase:firebase-installations:18.0.0] AndroidManifest.xml:17:17-82
134            <meta-data
134-->[com.google.firebase:firebase-installations:18.0.0] AndroidManifest.xml:18:13-20:85
135                android:name="com.google.firebase.components:com.google.firebase.installations.FirebaseInstallationsRegistrar"
135-->[com.google.firebase:firebase-installations:18.0.0] AndroidManifest.xml:19:17-127
136                android:value="com.google.firebase.components.ComponentRegistrar" />
136-->[com.google.firebase:firebase-installations:18.0.0] AndroidManifest.xml:20:17-82
137            <meta-data
137-->[com.google.firebase:firebase-common-ktx:21.0.0] AndroidManifest.xml:12:13-14:85
138                android:name="com.google.firebase.components:com.google.firebase.ktx.FirebaseCommonLegacyRegistrar"
138-->[com.google.firebase:firebase-common-ktx:21.0.0] AndroidManifest.xml:13:17-116
139                android:value="com.google.firebase.components.ComponentRegistrar" />
139-->[com.google.firebase:firebase-common-ktx:21.0.0] AndroidManifest.xml:14:17-82
140            <meta-data
140-->[com.google.firebase:firebase-common:21.0.0] AndroidManifest.xml:35:13-37:85
141                android:name="com.google.firebase.components:com.google.firebase.FirebaseCommonKtxRegistrar"
141-->[com.google.firebase:firebase-common:21.0.0] AndroidManifest.xml:36:17-109
142                android:value="com.google.firebase.components.ComponentRegistrar" />
142-->[com.google.firebase:firebase-common:21.0.0] AndroidManifest.xml:37:17-82
143            <meta-data
143-->[com.google.firebase:firebase-datatransport:18.2.0] AndroidManifest.xml:25:13-27:85
144                android:name="com.google.firebase.components:com.google.firebase.datatransport.TransportRegistrar"
144-->[com.google.firebase:firebase-datatransport:18.2.0] AndroidManifest.xml:26:17-115
145                android:value="com.google.firebase.components.ComponentRegistrar" />
145-->[com.google.firebase:firebase-datatransport:18.2.0] AndroidManifest.xml:27:17-82
146        </service>
147
148        <activity
148-->[com.google.firebase:firebase-auth:23.2.1] AndroidManifest.xml:29:9-46:20
149            android:name="com.google.firebase.auth.internal.GenericIdpActivity"
149-->[com.google.firebase:firebase-auth:23.2.1] AndroidManifest.xml:30:13-80
150            android:excludeFromRecents="true"
150-->[com.google.firebase:firebase-auth:23.2.1] AndroidManifest.xml:31:13-46
151            android:exported="true"
151-->[com.google.firebase:firebase-auth:23.2.1] AndroidManifest.xml:32:13-36
152            android:launchMode="singleTask"
152-->[com.google.firebase:firebase-auth:23.2.1] AndroidManifest.xml:33:13-44
153            android:theme="@android:style/Theme.Translucent.NoTitleBar" >
153-->[com.google.firebase:firebase-auth:23.2.1] AndroidManifest.xml:34:13-72
154            <intent-filter>
154-->[com.google.firebase:firebase-auth:23.2.1] AndroidManifest.xml:35:13-45:29
155                <action android:name="android.intent.action.VIEW" />
155-->[com.google.firebase:firebase-auth:23.2.1] AndroidManifest.xml:36:17-69
155-->[com.google.firebase:firebase-auth:23.2.1] AndroidManifest.xml:36:25-66
156
157                <category android:name="android.intent.category.DEFAULT" />
157-->[com.google.firebase:firebase-auth:23.2.1] AndroidManifest.xml:38:17-76
157-->[com.google.firebase:firebase-auth:23.2.1] AndroidManifest.xml:38:27-73
158                <category android:name="android.intent.category.BROWSABLE" />
158-->[com.google.firebase:firebase-auth:23.2.1] AndroidManifest.xml:39:17-78
158-->[com.google.firebase:firebase-auth:23.2.1] AndroidManifest.xml:39:27-75
159
160                <data
160-->[com.google.firebase:firebase-auth:23.2.1] AndroidManifest.xml:41:17-44:51
161                    android:host="firebase.auth"
161-->[com.google.firebase:firebase-auth:23.2.1] AndroidManifest.xml:42:21-49
162                    android:path="/"
162-->[com.google.firebase:firebase-auth:23.2.1] AndroidManifest.xml:43:21-37
163                    android:scheme="genericidp" />
163-->[com.google.firebase:firebase-auth:23.2.1] AndroidManifest.xml:44:21-48
164            </intent-filter>
165        </activity>
166        <activity
166-->[com.google.firebase:firebase-auth:23.2.1] AndroidManifest.xml:47:9-64:20
167            android:name="com.google.firebase.auth.internal.RecaptchaActivity"
167-->[com.google.firebase:firebase-auth:23.2.1] AndroidManifest.xml:48:13-79
168            android:excludeFromRecents="true"
168-->[com.google.firebase:firebase-auth:23.2.1] AndroidManifest.xml:49:13-46
169            android:exported="true"
169-->[com.google.firebase:firebase-auth:23.2.1] AndroidManifest.xml:50:13-36
170            android:launchMode="singleTask"
170-->[com.google.firebase:firebase-auth:23.2.1] AndroidManifest.xml:51:13-44
171            android:theme="@android:style/Theme.Translucent.NoTitleBar" >
171-->[com.google.firebase:firebase-auth:23.2.1] AndroidManifest.xml:52:13-72
172            <intent-filter>
172-->[com.google.firebase:firebase-auth:23.2.1] AndroidManifest.xml:53:13-63:29
173                <action android:name="android.intent.action.VIEW" />
173-->[com.google.firebase:firebase-auth:23.2.1] AndroidManifest.xml:36:17-69
173-->[com.google.firebase:firebase-auth:23.2.1] AndroidManifest.xml:36:25-66
174
175                <category android:name="android.intent.category.DEFAULT" />
175-->[com.google.firebase:firebase-auth:23.2.1] AndroidManifest.xml:38:17-76
175-->[com.google.firebase:firebase-auth:23.2.1] AndroidManifest.xml:38:27-73
176                <category android:name="android.intent.category.BROWSABLE" />
176-->[com.google.firebase:firebase-auth:23.2.1] AndroidManifest.xml:39:17-78
176-->[com.google.firebase:firebase-auth:23.2.1] AndroidManifest.xml:39:27-75
177
178                <data
178-->[com.google.firebase:firebase-auth:23.2.1] AndroidManifest.xml:41:17-44:51
179                    android:host="firebase.auth"
179-->[com.google.firebase:firebase-auth:23.2.1] AndroidManifest.xml:42:21-49
180                    android:path="/"
180-->[com.google.firebase:firebase-auth:23.2.1] AndroidManifest.xml:43:21-37
181                    android:scheme="recaptcha" />
181-->[com.google.firebase:firebase-auth:23.2.1] AndroidManifest.xml:44:21-48
182            </intent-filter>
183        </activity>
184
185        <service
185-->[androidx.credentials:credentials-play-services-auth:1.2.0-rc01] AndroidManifest.xml:24:9-32:19
186            android:name="androidx.credentials.playservices.CredentialProviderMetadataHolder"
186-->[androidx.credentials:credentials-play-services-auth:1.2.0-rc01] AndroidManifest.xml:25:13-94
187            android:enabled="true"
187-->[androidx.credentials:credentials-play-services-auth:1.2.0-rc01] AndroidManifest.xml:26:13-35
188            android:exported="false" >
188-->[androidx.credentials:credentials-play-services-auth:1.2.0-rc01] AndroidManifest.xml:27:13-37
189            <meta-data
189-->[androidx.credentials:credentials-play-services-auth:1.2.0-rc01] AndroidManifest.xml:29:13-31:104
190                android:name="androidx.credentials.CREDENTIAL_PROVIDER_KEY"
190-->[androidx.credentials:credentials-play-services-auth:1.2.0-rc01] AndroidManifest.xml:30:17-76
191                android:value="androidx.credentials.playservices.CredentialProviderPlayServicesImpl" />
191-->[androidx.credentials:credentials-play-services-auth:1.2.0-rc01] AndroidManifest.xml:31:17-101
192        </service>
193
194        <activity
194-->[androidx.credentials:credentials-play-services-auth:1.2.0-rc01] AndroidManifest.xml:34:9-41:20
195            android:name="androidx.credentials.playservices.HiddenActivity"
195-->[androidx.credentials:credentials-play-services-auth:1.2.0-rc01] AndroidManifest.xml:35:13-76
196            android:configChanges="orientation|screenSize|screenLayout|keyboardHidden"
196-->[androidx.credentials:credentials-play-services-auth:1.2.0-rc01] AndroidManifest.xml:36:13-87
197            android:enabled="true"
197-->[androidx.credentials:credentials-play-services-auth:1.2.0-rc01] AndroidManifest.xml:37:13-35
198            android:exported="false"
198-->[androidx.credentials:credentials-play-services-auth:1.2.0-rc01] AndroidManifest.xml:38:13-37
199            android:fitsSystemWindows="true"
199-->[androidx.credentials:credentials-play-services-auth:1.2.0-rc01] AndroidManifest.xml:39:13-45
200            android:theme="@style/Theme.Hidden" >
200-->[androidx.credentials:credentials-play-services-auth:1.2.0-rc01] AndroidManifest.xml:40:13-48
201        </activity>
202        <activity
202-->[com.google.android.gms:play-services-auth:21.1.0] AndroidManifest.xml:23:9-27:75
203            android:name="com.google.android.gms.auth.api.signin.internal.SignInHubActivity"
203-->[com.google.android.gms:play-services-auth:21.1.0] AndroidManifest.xml:24:13-93
204            android:excludeFromRecents="true"
204-->[com.google.android.gms:play-services-auth:21.1.0] AndroidManifest.xml:25:13-46
205            android:exported="false"
205-->[com.google.android.gms:play-services-auth:21.1.0] AndroidManifest.xml:26:13-37
206            android:theme="@android:style/Theme.Translucent.NoTitleBar" />
206-->[com.google.android.gms:play-services-auth:21.1.0] AndroidManifest.xml:27:13-72
207        <!--
208            Service handling Google Sign-In user revocation. For apps that do not integrate with
209            Google Sign-In, this service will never be started.
210        -->
211        <service
211-->[com.google.android.gms:play-services-auth:21.1.0] AndroidManifest.xml:33:9-37:51
212            android:name="com.google.android.gms.auth.api.signin.RevocationBoundService"
212-->[com.google.android.gms:play-services-auth:21.1.0] AndroidManifest.xml:34:13-89
213            android:exported="true"
213-->[com.google.android.gms:play-services-auth:21.1.0] AndroidManifest.xml:35:13-36
214            android:permission="com.google.android.gms.auth.api.signin.permission.REVOCATION_NOTIFICATION"
214-->[com.google.android.gms:play-services-auth:21.1.0] AndroidManifest.xml:36:13-107
215            android:visibleToInstantApps="true" />
215-->[com.google.android.gms:play-services-auth:21.1.0] AndroidManifest.xml:37:13-48
216
217        <receiver
217-->[com.google.firebase:firebase-messaging:24.1.2] AndroidManifest.xml:29:9-40:20
218            android:name="com.google.firebase.iid.FirebaseInstanceIdReceiver"
218-->[com.google.firebase:firebase-messaging:24.1.2] AndroidManifest.xml:30:13-78
219            android:exported="true"
219-->[com.google.firebase:firebase-messaging:24.1.2] AndroidManifest.xml:31:13-36
220            android:permission="com.google.android.c2dm.permission.SEND" >
220-->[com.google.firebase:firebase-messaging:24.1.2] AndroidManifest.xml:32:13-73
221            <intent-filter>
221-->[com.google.firebase:firebase-messaging:24.1.2] AndroidManifest.xml:33:13-35:29
222                <action android:name="com.google.android.c2dm.intent.RECEIVE" />
222-->[com.google.firebase:firebase-messaging:24.1.2] AndroidManifest.xml:34:17-81
222-->[com.google.firebase:firebase-messaging:24.1.2] AndroidManifest.xml:34:25-78
223            </intent-filter>
224
225            <meta-data
225-->[com.google.firebase:firebase-messaging:24.1.2] AndroidManifest.xml:37:13-39:40
226                android:name="com.google.android.gms.cloudmessaging.FINISHED_AFTER_HANDLED"
226-->[com.google.firebase:firebase-messaging:24.1.2] AndroidManifest.xml:38:17-92
227                android:value="true" />
227-->[com.google.firebase:firebase-messaging:24.1.2] AndroidManifest.xml:39:17-37
228        </receiver>
229        <!--
230             FirebaseMessagingService performs security checks at runtime,
231             but set to not exported to explicitly avoid allowing another app to call it.
232        -->
233        <service
233-->[com.google.firebase:firebase-messaging:24.1.2] AndroidManifest.xml:46:9-53:19
234            android:name="com.google.firebase.messaging.FirebaseMessagingService"
234-->[com.google.firebase:firebase-messaging:24.1.2] AndroidManifest.xml:47:13-82
235            android:directBootAware="true"
235-->[com.google.firebase:firebase-messaging:24.1.2] AndroidManifest.xml:48:13-43
236            android:exported="false" >
236-->[com.google.firebase:firebase-messaging:24.1.2] AndroidManifest.xml:49:13-37
237            <intent-filter android:priority="-500" >
237-->src/main/AndroidManifest.xml:73:13-75:29
238                <action android:name="com.google.firebase.MESSAGING_EVENT" />
238-->src/main/AndroidManifest.xml:74:17-77
238-->src/main/AndroidManifest.xml:74:25-75
239            </intent-filter>
240        </service>
241
242        <provider
242-->[androidx.work:work-runtime:2.9.0] AndroidManifest.xml:29:9-37:20
243            android:name="androidx.startup.InitializationProvider"
243-->[androidx.work:work-runtime:2.9.0] AndroidManifest.xml:30:13-67
244            android:authorities="com.sohaibazmi.remote.androidx-startup"
244-->[androidx.work:work-runtime:2.9.0] AndroidManifest.xml:31:13-68
245            android:exported="false" >
245-->[androidx.work:work-runtime:2.9.0] AndroidManifest.xml:32:13-37
246            <meta-data
246-->[androidx.work:work-runtime:2.9.0] AndroidManifest.xml:34:13-36:52
247                android:name="androidx.work.WorkManagerInitializer"
247-->[androidx.work:work-runtime:2.9.0] AndroidManifest.xml:35:17-68
248                android:value="androidx.startup" />
248-->[androidx.work:work-runtime:2.9.0] AndroidManifest.xml:36:17-49
249            <meta-data
249-->[androidx.emoji2:emoji2:1.2.0] AndroidManifest.xml:29:13-31:52
250                android:name="androidx.emoji2.text.EmojiCompatInitializer"
250-->[androidx.emoji2:emoji2:1.2.0] AndroidManifest.xml:30:17-75
251                android:value="androidx.startup" />
251-->[androidx.emoji2:emoji2:1.2.0] AndroidManifest.xml:31:17-49
252            <meta-data
252-->[androidx.lifecycle:lifecycle-process:2.6.1] AndroidManifest.xml:29:13-31:52
253                android:name="androidx.lifecycle.ProcessLifecycleInitializer"
253-->[androidx.lifecycle:lifecycle-process:2.6.1] AndroidManifest.xml:30:17-78
254                android:value="androidx.startup" />
254-->[androidx.lifecycle:lifecycle-process:2.6.1] AndroidManifest.xml:31:17-49
255            <meta-data
255-->[androidx.profileinstaller:profileinstaller:1.3.0] AndroidManifest.xml:29:13-31:52
256                android:name="androidx.profileinstaller.ProfileInstallerInitializer"
256-->[androidx.profileinstaller:profileinstaller:1.3.0] AndroidManifest.xml:30:17-85
257                android:value="androidx.startup" />
257-->[androidx.profileinstaller:profileinstaller:1.3.0] AndroidManifest.xml:31:17-49
258        </provider>
259
260        <service
260-->[androidx.work:work-runtime:2.9.0] AndroidManifest.xml:39:9-45:35
261            android:name="androidx.work.impl.background.systemalarm.SystemAlarmService"
261-->[androidx.work:work-runtime:2.9.0] AndroidManifest.xml:40:13-88
262            android:directBootAware="false"
262-->[androidx.work:work-runtime:2.9.0] AndroidManifest.xml:41:13-44
263            android:enabled="@bool/enable_system_alarm_service_default"
263-->[androidx.work:work-runtime:2.9.0] AndroidManifest.xml:42:13-72
264            android:exported="false" />